2022-07-01 15:32:20 INFO  org.reflections.Reflections:219 - Reflections took 184 ms to scan 1 urls, producing 15 keys and 294 values
2022-07-01 15:32:21 INFO  org.reflections.Reflections:219 - Reflections took 26 ms to scan 1 urls, producing 8 keys and 45 values
2022-07-01 15:32:21 INFO  org.reflections.Reflections:219 - Reflections took 18 ms to scan 1 urls, producing 8 keys and 40 values
2022-07-01 15:32:21 INFO  edu.pitt.dbmi.causal.cmd.data.DataValidations:114 - Start data validation on file PC-INPUT.txt.
2022-07-01 15:32:22 INFO  edu.pitt.dbmi.causal.cmd.data.DataValidations:114 - End data validation on file PC-INPUT.txt.
2022-07-01 15:32:22 INFO  edu.pitt.dbmi.causal.cmd.data.DataValidations:78 - There are 999 cases and 60 variables.
2022-07-01 15:32:22 INFO  edu.pitt.dbmi.causal.cmd.data.DataFiles:114 - Start reading in file PC-INPUT.txt.
2022-07-01 15:32:22 INFO  edu.pitt.dbmi.causal.cmd.data.DataFiles:114 - Finished reading in file PC-INPUT.txt.
2022-07-01 15:32:22 INFO  edu.pitt.dbmi.causal.cmd.data.DataFiles:114 - File PC-INPUT.txt contains 999 cases, 60 variables.
2022-07-01 15:39:39 INFO  org.reflections.Reflections:219 - Reflections took 183 ms to scan 1 urls, producing 15 keys and 294 values
2022-07-01 15:39:40 INFO  org.reflections.Reflections:219 - Reflections took 25 ms to scan 1 urls, producing 8 keys and 45 values
2022-07-01 15:39:40 INFO  org.reflections.Reflections:219 - Reflections took 24 ms to scan 1 urls, producing 8 keys and 40 values
2022-07-01 15:39:40 INFO  edu.pitt.dbmi.causal.cmd.data.DataValidations:114 - Start data validation on file PC-INPUT.txt.
2022-07-01 15:39:41 INFO  edu.pitt.dbmi.causal.cmd.data.DataValidations:114 - End data validation on file PC-INPUT.txt.
2022-07-01 15:39:41 INFO  edu.pitt.dbmi.causal.cmd.data.DataValidations:78 - There are 1000 cases and 60 variables.
2022-07-01 15:39:41 INFO  edu.pitt.dbmi.causal.cmd.data.DataFiles:114 - Start reading in file PC-INPUT.txt.
2022-07-01 15:39:41 INFO  edu.pitt.dbmi.causal.cmd.data.DataFiles:114 - Finished reading in file PC-INPUT.txt.
2022-07-01 15:39:41 INFO  edu.pitt.dbmi.causal.cmd.data.DataFiles:114 - File PC-INPUT.txt contains 1000 cases, 60 variables.
2022-07-01 15:41:26 INFO  org.reflections.Reflections:219 - Reflections took 175 ms to scan 1 urls, producing 15 keys and 294 values
2022-07-01 15:41:26 INFO  org.reflections.Reflections:219 - Reflections took 25 ms to scan 1 urls, producing 8 keys and 45 values
2022-07-01 15:41:26 INFO  org.reflections.Reflections:219 - Reflections took 20 ms to scan 1 urls, producing 8 keys and 40 values
2022-07-01 15:41:27 INFO  edu.pitt.dbmi.causal.cmd.data.DataValidations:114 - Start data validation on file PC-INPUT.txt.
2022-07-01 15:41:27 INFO  edu.pitt.dbmi.causal.cmd.data.DataValidations:114 - End data validation on file PC-INPUT.txt.
2022-07-01 15:41:27 INFO  edu.pitt.dbmi.causal.cmd.data.DataValidations:78 - There are 1000 cases and 60 variables.
2022-07-01 15:41:27 INFO  edu.pitt.dbmi.causal.cmd.data.DataFiles:114 - Start reading in file PC-INPUT.txt.
2022-07-01 15:41:27 INFO  edu.pitt.dbmi.causal.cmd.data.DataFiles:114 - Finished reading in file PC-INPUT.txt.
2022-07-01 15:41:27 INFO  edu.pitt.dbmi.causal.cmd.data.DataFiles:114 - File PC-INPUT.txt contains 1000 cases, 60 variables.
2022-07-01 15:42:10 INFO  org.reflections.Reflections:219 - Reflections took 172 ms to scan 1 urls, producing 15 keys and 294 values
2022-07-01 15:42:10 INFO  org.reflections.Reflections:219 - Reflections took 26 ms to scan 1 urls, producing 8 keys and 45 values
2022-07-01 15:42:10 INFO  org.reflections.Reflections:219 - Reflections took 23 ms to scan 1 urls, producing 8 keys and 40 values
2022-07-01 15:42:11 INFO  edu.pitt.dbmi.causal.cmd.data.DataValidations:114 - Start data validation on file PC-INPUT.txt.
2022-07-01 15:42:11 INFO  edu.pitt.dbmi.causal.cmd.data.DataValidations:114 - End data validation on file PC-INPUT.txt.
2022-07-01 15:42:11 INFO  edu.pitt.dbmi.causal.cmd.data.DataValidations:78 - There are 1000 cases and 60 variables.
2022-07-01 15:42:11 INFO  edu.pitt.dbmi.causal.cmd.data.DataFiles:114 - Start reading in file PC-INPUT.txt.
2022-07-01 15:42:11 INFO  edu.pitt.dbmi.causal.cmd.data.DataFiles:114 - Finished reading in file PC-INPUT.txt.
2022-07-01 15:42:11 INFO  edu.pitt.dbmi.causal.cmd.data.DataFiles:114 - File PC-INPUT.txt contains 1000 cases, 60 variables.
2022-07-01 15:43:00 INFO  org.reflections.Reflections:219 - Reflections took 173 ms to scan 1 urls, producing 15 keys and 294 values
2022-07-01 15:43:00 INFO  org.reflections.Reflections:219 - Reflections took 29 ms to scan 1 urls, producing 8 keys and 45 values
2022-07-01 15:43:00 INFO  org.reflections.Reflections:219 - Reflections took 17 ms to scan 1 urls, producing 8 keys and 40 values
2022-07-01 15:43:01 INFO  edu.pitt.dbmi.causal.cmd.data.DataValidations:114 - Start data validation on file PC-INPUT.txt.
2022-07-01 15:43:01 INFO  edu.pitt.dbmi.causal.cmd.data.DataValidations:114 - End data validation on file PC-INPUT.txt.
2022-07-01 15:43:01 INFO  edu.pitt.dbmi.causal.cmd.data.DataValidations:78 - There are 1000 cases and 60 variables.
2022-07-01 15:43:01 INFO  edu.pitt.dbmi.causal.cmd.data.DataFiles:114 - Start reading in file PC-INPUT.txt.
2022-07-01 15:43:02 INFO  edu.pitt.dbmi.causal.cmd.data.DataFiles:114 - Finished reading in file PC-INPUT.txt.
2022-07-01 15:43:02 INFO  edu.pitt.dbmi.causal.cmd.data.DataFiles:114 - File PC-INPUT.txt contains 1000 cases, 60 variables.
2022-07-01 15:43:05 INFO  org.reflections.Reflections:219 - Reflections took 171 ms to scan 1 urls, producing 15 keys and 294 values
2022-07-01 15:43:05 INFO  org.reflections.Reflections:219 - Reflections took 26 ms to scan 1 urls, producing 8 keys and 45 values
2022-07-01 15:43:05 INFO  org.reflections.Reflections:219 - Reflections took 18 ms to scan 1 urls, producing 8 keys and 40 values
2022-07-01 15:43:06 INFO  edu.pitt.dbmi.causal.cmd.data.DataValidations:114 - Start data validation on file PC-INPUT.txt.
2022-07-01 15:43:06 INFO  edu.pitt.dbmi.causal.cmd.data.DataValidations:114 - End data validation on file PC-INPUT.txt.
2022-07-01 15:43:06 INFO  edu.pitt.dbmi.causal.cmd.data.DataValidations:78 - There are 1000 cases and 60 variables.
2022-07-01 15:43:06 INFO  edu.pitt.dbmi.causal.cmd.data.DataFiles:114 - Start reading in file PC-INPUT.txt.
2022-07-01 15:43:06 INFO  edu.pitt.dbmi.causal.cmd.data.DataFiles:114 - Finished reading in file PC-INPUT.txt.
2022-07-01 15:43:06 INFO  edu.pitt.dbmi.causal.cmd.data.DataFiles:114 - File PC-INPUT.txt contains 1000 cases, 60 variables.
2022-07-01 15:43:09 INFO  org.reflections.Reflections:219 - Reflections took 184 ms to scan 1 urls, producing 15 keys and 294 values
2022-07-01 15:43:09 INFO  org.reflections.Reflections:219 - Reflections took 23 ms to scan 1 urls, producing 8 keys and 45 values
2022-07-01 15:43:10 INFO  org.reflections.Reflections:219 - Reflections took 17 ms to scan 1 urls, producing 8 keys and 40 values
2022-07-01 15:43:10 INFO  edu.pitt.dbmi.causal.cmd.data.DataValidations:114 - Start data validation on file PC-INPUT.txt.
2022-07-01 15:43:11 INFO  edu.pitt.dbmi.causal.cmd.data.DataValidations:114 - End data validation on file PC-INPUT.txt.
2022-07-01 15:43:11 INFO  edu.pitt.dbmi.causal.cmd.data.DataValidations:78 - There are 1000 cases and 60 variables.
2022-07-01 15:43:11 INFO  edu.pitt.dbmi.causal.cmd.data.DataFiles:114 - Start reading in file PC-INPUT.txt.
2022-07-01 15:43:11 INFO  edu.pitt.dbmi.causal.cmd.data.DataFiles:114 - Finished reading in file PC-INPUT.txt.
2022-07-01 15:43:11 INFO  edu.pitt.dbmi.causal.cmd.data.DataFiles:114 - File PC-INPUT.txt contains 1000 cases, 60 variables.
2022-07-01 15:43:14 INFO  org.reflections.Reflections:219 - Reflections took 175 ms to scan 1 urls, producing 15 keys and 294 values
2022-07-01 15:43:14 INFO  org.reflections.Reflections:219 - Reflections took 27 ms to scan 1 urls, producing 8 keys and 45 values
2022-07-01 15:43:14 INFO  org.reflections.Reflections:219 - Reflections took 21 ms to scan 1 urls, producing 8 keys and 40 values
2022-07-01 15:43:15 INFO  edu.pitt.dbmi.causal.cmd.data.DataValidations:114 - Start data validation on file PC-INPUT.txt.
2022-07-01 15:43:15 INFO  edu.pitt.dbmi.causal.cmd.data.DataValidations:114 - End data validation on file PC-INPUT.txt.
2022-07-01 15:43:15 INFO  edu.pitt.dbmi.causal.cmd.data.DataValidations:78 - There are 1000 cases and 60 variables.
2022-07-01 15:43:15 INFO  edu.pitt.dbmi.causal.cmd.data.DataFiles:114 - Start reading in file PC-INPUT.txt.
2022-07-01 15:43:15 INFO  edu.pitt.dbmi.causal.cmd.data.DataFiles:114 - Finished reading in file PC-INPUT.txt.
2022-07-01 15:43:15 INFO  edu.pitt.dbmi.causal.cmd.data.DataFiles:114 - File PC-INPUT.txt contains 1000 cases, 60 variables.
2022-07-01 15:43:18 INFO  org.reflections.Reflections:219 - Reflections took 173 ms to scan 1 urls, producing 15 keys and 294 values
2022-07-01 15:43:19 INFO  org.reflections.Reflections:219 - Reflections took 29 ms to scan 1 urls, producing 8 keys and 45 values
2022-07-01 15:43:19 INFO  org.reflections.Reflections:219 - Reflections took 20 ms to scan 1 urls, producing 8 keys and 40 values
2022-07-01 15:43:19 INFO  edu.pitt.dbmi.causal.cmd.data.DataValidations:114 - Start data validation on file PC-INPUT.txt.
2022-07-01 15:43:20 INFO  edu.pitt.dbmi.causal.cmd.data.DataValidations:114 - End data validation on file PC-INPUT.txt.
2022-07-01 15:43:20 INFO  edu.pitt.dbmi.causal.cmd.data.DataValidations:78 - There are 1000 cases and 60 variables.
2022-07-01 15:43:20 INFO  edu.pitt.dbmi.causal.cmd.data.DataFiles:114 - Start reading in file PC-INPUT.txt.
2022-07-01 15:43:20 INFO  edu.pitt.dbmi.causal.cmd.data.DataFiles:114 - Finished reading in file PC-INPUT.txt.
2022-07-01 15:43:20 INFO  edu.pitt.dbmi.causal.cmd.data.DataFiles:114 - File PC-INPUT.txt contains 1000 cases, 60 variables.
2022-07-01 15:43:23 INFO  org.reflections.Reflections:219 - Reflections took 181 ms to scan 1 urls, producing 15 keys and 294 values
2022-07-01 15:43:23 INFO  org.reflections.Reflections:219 - Reflections took 22 ms to scan 1 urls, producing 8 keys and 45 values
2022-07-01 15:43:23 INFO  org.reflections.Reflections:219 - Reflections took 18 ms to scan 1 urls, producing 8 keys and 40 values
2022-07-01 15:43:24 INFO  edu.pitt.dbmi.causal.cmd.data.DataValidations:114 - Start data validation on file PC-INPUT.txt.
2022-07-01 15:43:24 INFO  edu.pitt.dbmi.causal.cmd.data.DataValidations:114 - End data validation on file PC-INPUT.txt.
2022-07-01 15:43:24 INFO  edu.pitt.dbmi.causal.cmd.data.DataValidations:78 - There are 1000 cases and 60 variables.
2022-07-01 15:43:24 INFO  edu.pitt.dbmi.causal.cmd.data.DataFiles:114 - Start reading in file PC-INPUT.txt.
2022-07-01 15:43:24 INFO  edu.pitt.dbmi.causal.cmd.data.DataFiles:114 - Finished reading in file PC-INPUT.txt.
2022-07-01 15:43:24 INFO  edu.pitt.dbmi.causal.cmd.data.DataFiles:114 - File PC-INPUT.txt contains 1000 cases, 60 variables.
2022-07-01 15:43:28 INFO  org.reflections.Reflections:219 - Reflections took 180 ms to scan 1 urls, producing 15 keys and 294 values
2022-07-01 15:43:28 INFO  org.reflections.Reflections:219 - Reflections took 30 ms to scan 1 urls, producing 8 keys and 45 values
2022-07-01 15:43:28 INFO  org.reflections.Reflections:219 - Reflections took 17 ms to scan 1 urls, producing 8 keys and 40 values
2022-07-01 15:43:29 INFO  edu.pitt.dbmi.causal.cmd.data.DataValidations:114 - Start data validation on file PC-INPUT.txt.
2022-07-01 15:43:29 INFO  edu.pitt.dbmi.causal.cmd.data.DataValidations:114 - End data validation on file PC-INPUT.txt.
2022-07-01 15:43:29 INFO  edu.pitt.dbmi.causal.cmd.data.DataValidations:78 - There are 1000 cases and 60 variables.
2022-07-01 15:43:29 INFO  edu.pitt.dbmi.causal.cmd.data.DataFiles:114 - Start reading in file PC-INPUT.txt.
2022-07-01 15:43:29 INFO  edu.pitt.dbmi.causal.cmd.data.DataFiles:114 - Finished reading in file PC-INPUT.txt.
2022-07-01 15:43:29 INFO  edu.pitt.dbmi.causal.cmd.data.DataFiles:114 - File PC-INPUT.txt contains 1000 cases, 60 variables.
2022-07-01 15:43:32 INFO  org.reflections.Reflections:219 - Reflections took 176 ms to scan 1 urls, producing 15 keys and 294 values
2022-07-01 15:43:32 INFO  org.reflections.Reflections:219 - Reflections took 25 ms to scan 1 urls, producing 8 keys and 45 values
2022-07-01 15:43:32 INFO  org.reflections.Reflections:219 - Reflections took 17 ms to scan 1 urls, producing 8 keys and 40 values
2022-07-01 15:43:33 INFO  edu.pitt.dbmi.causal.cmd.data.DataValidations:114 - Start data validation on file PC-INPUT.txt.
2022-07-01 15:43:33 INFO  edu.pitt.dbmi.causal.cmd.data.DataValidations:114 - End data validation on file PC-INPUT.txt.
2022-07-01 15:43:33 INFO  edu.pitt.dbmi.causal.cmd.data.DataValidations:78 - There are 1000 cases and 60 variables.
2022-07-01 15:43:33 INFO  edu.pitt.dbmi.causal.cmd.data.DataFiles:114 - Start reading in file PC-INPUT.txt.
2022-07-01 15:43:33 INFO  edu.pitt.dbmi.causal.cmd.data.DataFiles:114 - Finished reading in file PC-INPUT.txt.
2022-07-01 15:43:33 INFO  edu.pitt.dbmi.causal.cmd.data.DataFiles:114 - File PC-INPUT.txt contains 1000 cases, 60 variables.
2022-07-01 15:43:36 INFO  org.reflections.Reflections:219 - Reflections took 174 ms to scan 1 urls, producing 15 keys and 294 values
2022-07-01 15:43:37 INFO  org.reflections.Reflections:219 - Reflections took 29 ms to scan 1 urls, producing 8 keys and 45 values
2022-07-01 15:43:37 INFO  org.reflections.Reflections:219 - Reflections took 20 ms to scan 1 urls, producing 8 keys and 40 values
2022-07-01 15:43:37 INFO  edu.pitt.dbmi.causal.cmd.data.DataValidations:114 - Start data validation on file PC-INPUT.txt.
2022-07-01 15:43:38 INFO  edu.pitt.dbmi.causal.cmd.data.DataValidations:114 - End data validation on file PC-INPUT.txt.
2022-07-01 15:43:38 INFO  edu.pitt.dbmi.causal.cmd.data.DataValidations:78 - There are 1000 cases and 60 variables.
2022-07-01 15:43:38 INFO  edu.pitt.dbmi.causal.cmd.data.DataFiles:114 - Start reading in file PC-INPUT.txt.
2022-07-01 15:43:38 INFO  edu.pitt.dbmi.causal.cmd.data.DataFiles:114 - Finished reading in file PC-INPUT.txt.
2022-07-01 15:43:38 INFO  edu.pitt.dbmi.causal.cmd.data.DataFiles:114 - File PC-INPUT.txt contains 1000 cases, 60 variables.
2022-07-01 15:43:41 INFO  org.reflections.Reflections:219 - Reflections took 182 ms to scan 1 urls, producing 15 keys and 294 values
2022-07-01 15:43:41 INFO  org.reflections.Reflections:219 - Reflections took 30 ms to scan 1 urls, producing 8 keys and 45 values
2022-07-01 15:43:42 INFO  org.reflections.Reflections:219 - Reflections took 16 ms to scan 1 urls, producing 8 keys and 40 values
2022-07-01 15:43:42 INFO  edu.pitt.dbmi.causal.cmd.data.DataValidations:114 - Start data validation on file PC-INPUT.txt.
2022-07-01 15:43:42 INFO  edu.pitt.dbmi.causal.cmd.data.DataValidations:114 - End data validation on file PC-INPUT.txt.
2022-07-01 15:43:42 INFO  edu.pitt.dbmi.causal.cmd.data.DataValidations:78 - There are 1000 cases and 60 variables.
2022-07-01 15:43:42 INFO  edu.pitt.dbmi.causal.cmd.data.DataFiles:114 - Start reading in file PC-INPUT.txt.
2022-07-01 15:43:43 INFO  edu.pitt.dbmi.causal.cmd.data.DataFiles:114 - Finished reading in file PC-INPUT.txt.
2022-07-01 15:43:43 INFO  edu.pitt.dbmi.causal.cmd.data.DataFiles:114 - File PC-INPUT.txt contains 1000 cases, 60 variables.
2022-07-01 15:45:45 INFO  org.reflections.Reflections:219 - Reflections took 178 ms to scan 1 urls, producing 15 keys and 294 values
2022-07-01 15:45:45 INFO  org.reflections.Reflections:219 - Reflections took 25 ms to scan 1 urls, producing 8 keys and 45 values
2022-07-01 15:45:45 INFO  org.reflections.Reflections:219 - Reflections took 17 ms to scan 1 urls, producing 8 keys and 40 values
2022-07-01 15:45:46 INFO  edu.pitt.dbmi.causal.cmd.data.DataValidations:114 - Start data validation on file PC-INPUT.txt.
2022-07-01 15:45:46 INFO  edu.pitt.dbmi.causal.cmd.data.DataValidations:114 - End data validation on file PC-INPUT.txt.
2022-07-01 15:45:46 INFO  edu.pitt.dbmi.causal.cmd.data.DataValidations:78 - There are 500 cases and 10 variables.
2022-07-01 15:45:46 INFO  edu.pitt.dbmi.causal.cmd.data.DataFiles:114 - Start reading in file PC-INPUT.txt.
2022-07-01 15:45:46 INFO  edu.pitt.dbmi.causal.cmd.data.DataFiles:114 - Finished reading in file PC-INPUT.txt.
2022-07-01 15:45:46 INFO  edu.pitt.dbmi.causal.cmd.data.DataFiles:114 - File PC-INPUT.txt contains 500 cases, 10 variables.
2022-07-01 15:45:47 INFO  org.reflections.Reflections:219 - Reflections took 173 ms to scan 1 urls, producing 15 keys and 294 values
2022-07-01 15:45:47 INFO  org.reflections.Reflections:219 - Reflections took 25 ms to scan 1 urls, producing 8 keys and 45 values
2022-07-01 15:45:47 INFO  org.reflections.Reflections:219 - Reflections took 19 ms to scan 1 urls, producing 8 keys and 40 values
2022-07-01 15:45:48 INFO  edu.pitt.dbmi.causal.cmd.data.DataValidations:114 - Start data validation on file PC-INPUT.txt.
2022-07-01 15:45:48 INFO  edu.pitt.dbmi.causal.cmd.data.DataValidations:114 - End data validation on file PC-INPUT.txt.
2022-07-01 15:45:48 INFO  edu.pitt.dbmi.causal.cmd.data.DataValidations:78 - There are 500 cases and 10 variables.
2022-07-01 15:45:48 INFO  edu.pitt.dbmi.causal.cmd.data.DataFiles:114 - Start reading in file PC-INPUT.txt.
2022-07-01 15:45:48 INFO  edu.pitt.dbmi.causal.cmd.data.DataFiles:114 - Finished reading in file PC-INPUT.txt.
2022-07-01 15:45:48 INFO  edu.pitt.dbmi.causal.cmd.data.DataFiles:114 - File PC-INPUT.txt contains 500 cases, 10 variables.
2022-07-01 15:45:49 INFO  org.reflections.Reflections:219 - Reflections took 175 ms to scan 1 urls, producing 15 keys and 294 values
2022-07-01 15:45:49 INFO  org.reflections.Reflections:219 - Reflections took 28 ms to scan 1 urls, producing 8 keys and 45 values
2022-07-01 15:45:49 INFO  org.reflections.Reflections:219 - Reflections took 18 ms to scan 1 urls, producing 8 keys and 40 values
2022-07-01 15:45:50 INFO  edu.pitt.dbmi.causal.cmd.data.DataValidations:114 - Start data validation on file PC-INPUT.txt.
2022-07-01 15:45:50 INFO  edu.pitt.dbmi.causal.cmd.data.DataValidations:114 - End data validation on file PC-INPUT.txt.
2022-07-01 15:45:50 INFO  edu.pitt.dbmi.causal.cmd.data.DataValidations:78 - There are 500 cases and 10 variables.
2022-07-01 15:45:50 INFO  edu.pitt.dbmi.causal.cmd.data.DataFiles:114 - Start reading in file PC-INPUT.txt.
2022-07-01 15:45:50 INFO  edu.pitt.dbmi.causal.cmd.data.DataFiles:114 - Finished reading in file PC-INPUT.txt.
2022-07-01 15:45:50 INFO  edu.pitt.dbmi.causal.cmd.data.DataFiles:114 - File PC-INPUT.txt contains 500 cases, 10 variables.
2022-07-01 15:45:51 INFO  org.reflections.Reflections:219 - Reflections took 180 ms to scan 1 urls, producing 15 keys and 294 values
2022-07-01 15:45:51 INFO  org.reflections.Reflections:219 - Reflections took 25 ms to scan 1 urls, producing 8 keys and 45 values
2022-07-01 15:45:51 INFO  org.reflections.Reflections:219 - Reflections took 15 ms to scan 1 urls, producing 8 keys and 40 values
2022-07-01 15:45:52 INFO  edu.pitt.dbmi.causal.cmd.data.DataValidations:114 - Start data validation on file PC-INPUT.txt.
2022-07-01 15:45:52 INFO  edu.pitt.dbmi.causal.cmd.data.DataValidations:114 - End data validation on file PC-INPUT.txt.
2022-07-01 15:45:52 INFO  edu.pitt.dbmi.causal.cmd.data.DataValidations:78 - There are 500 cases and 10 variables.
2022-07-01 15:45:52 INFO  edu.pitt.dbmi.causal.cmd.data.DataFiles:114 - Start reading in file PC-INPUT.txt.
2022-07-01 15:45:52 INFO  edu.pitt.dbmi.causal.cmd.data.DataFiles:114 - Finished reading in file PC-INPUT.txt.
2022-07-01 15:45:52 INFO  edu.pitt.dbmi.causal.cmd.data.DataFiles:114 - File PC-INPUT.txt contains 500 cases, 10 variables.
2022-07-01 15:45:53 INFO  org.reflections.Reflections:219 - Reflections took 191 ms to scan 1 urls, producing 15 keys and 294 values
2022-07-01 15:45:53 INFO  org.reflections.Reflections:219 - Reflections took 23 ms to scan 1 urls, producing 8 keys and 45 values
2022-07-01 15:45:53 INFO  org.reflections.Reflections:219 - Reflections took 14 ms to scan 1 urls, producing 8 keys and 40 values
2022-07-01 15:45:54 INFO  edu.pitt.dbmi.causal.cmd.data.DataValidations:114 - Start data validation on file PC-INPUT.txt.
2022-07-01 15:45:54 INFO  edu.pitt.dbmi.causal.cmd.data.DataValidations:114 - End data validation on file PC-INPUT.txt.
2022-07-01 15:45:54 INFO  edu.pitt.dbmi.causal.cmd.data.DataValidations:78 - There are 500 cases and 10 variables.
2022-07-01 15:45:54 INFO  edu.pitt.dbmi.causal.cmd.data.DataFiles:114 - Start reading in file PC-INPUT.txt.
2022-07-01 15:45:54 INFO  edu.pitt.dbmi.causal.cmd.data.DataFiles:114 - Finished reading in file PC-INPUT.txt.
2022-07-01 15:45:54 INFO  edu.pitt.dbmi.causal.cmd.data.DataFiles:114 - File PC-INPUT.txt contains 500 cases, 10 variables.
2022-07-01 15:45:55 INFO  org.reflections.Reflections:219 - Reflections took 172 ms to scan 1 urls, producing 15 keys and 294 values
2022-07-01 15:45:55 INFO  org.reflections.Reflections:219 - Reflections took 27 ms to scan 1 urls, producing 8 keys and 45 values
2022-07-01 15:45:55 INFO  org.reflections.Reflections:219 - Reflections took 22 ms to scan 1 urls, producing 8 keys and 40 values
2022-07-01 15:45:56 INFO  edu.pitt.dbmi.causal.cmd.data.DataValidations:114 - Start data validation on file PC-INPUT.txt.
2022-07-01 15:45:56 INFO  edu.pitt.dbmi.causal.cmd.data.DataValidations:114 - End data validation on file PC-INPUT.txt.
2022-07-01 15:45:56 INFO  edu.pitt.dbmi.causal.cmd.data.DataValidations:78 - There are 500 cases and 10 variables.
2022-07-01 15:45:56 INFO  edu.pitt.dbmi.causal.cmd.data.DataFiles:114 - Start reading in file PC-INPUT.txt.
2022-07-01 15:45:56 INFO  edu.pitt.dbmi.causal.cmd.data.DataFiles:114 - Finished reading in file PC-INPUT.txt.
2022-07-01 15:45:56 INFO  edu.pitt.dbmi.causal.cmd.data.DataFiles:114 - File PC-INPUT.txt contains 500 cases, 10 variables.
2022-07-01 15:45:57 INFO  org.reflections.Reflections:219 - Reflections took 175 ms to scan 1 urls, producing 15 keys and 294 values
2022-07-01 15:45:57 INFO  org.reflections.Reflections:219 - Reflections took 23 ms to scan 1 urls, producing 8 keys and 45 values
2022-07-01 15:45:57 INFO  org.reflections.Reflections:219 - Reflections took 20 ms to scan 1 urls, producing 8 keys and 40 values
2022-07-01 15:45:58 INFO  edu.pitt.dbmi.causal.cmd.data.DataValidations:114 - Start data validation on file PC-INPUT.txt.
2022-07-01 15:45:58 INFO  edu.pitt.dbmi.causal.cmd.data.DataValidations:114 - End data validation on file PC-INPUT.txt.
2022-07-01 15:45:58 INFO  edu.pitt.dbmi.causal.cmd.data.DataValidations:78 - There are 500 cases and 10 variables.
2022-07-01 15:45:58 INFO  edu.pitt.dbmi.causal.cmd.data.DataFiles:114 - Start reading in file PC-INPUT.txt.
2022-07-01 15:45:58 INFO  edu.pitt.dbmi.causal.cmd.data.DataFiles:114 - Finished reading in file PC-INPUT.txt.
2022-07-01 15:45:58 INFO  edu.pitt.dbmi.causal.cmd.data.DataFiles:114 - File PC-INPUT.txt contains 500 cases, 10 variables.
2022-07-01 15:45:59 INFO  org.reflections.Reflections:219 - Reflections took 174 ms to scan 1 urls, producing 15 keys and 294 values
2022-07-01 15:45:59 INFO  org.reflections.Reflections:219 - Reflections took 24 ms to scan 1 urls, producing 8 keys and 45 values
2022-07-01 15:45:59 INFO  org.reflections.Reflections:219 - Reflections took 20 ms to scan 1 urls, producing 8 keys and 40 values
2022-07-01 15:45:59 INFO  edu.pitt.dbmi.causal.cmd.data.DataValidations:114 - Start data validation on file PC-INPUT.txt.
2022-07-01 15:45:59 INFO  edu.pitt.dbmi.causal.cmd.data.DataValidations:114 - End data validation on file PC-INPUT.txt.
2022-07-01 15:45:59 INFO  edu.pitt.dbmi.causal.cmd.data.DataValidations:78 - There are 500 cases and 10 variables.
2022-07-01 15:45:59 INFO  edu.pitt.dbmi.causal.cmd.data.DataFiles:114 - Start reading in file PC-INPUT.txt.
2022-07-01 15:46:00 INFO  edu.pitt.dbmi.causal.cmd.data.DataFiles:114 - Finished reading in file PC-INPUT.txt.
2022-07-01 15:46:00 INFO  edu.pitt.dbmi.causal.cmd.data.DataFiles:114 - File PC-INPUT.txt contains 500 cases, 10 variables.
2022-07-01 15:46:00 INFO  org.reflections.Reflections:219 - Reflections took 178 ms to scan 1 urls, producing 15 keys and 294 values
2022-07-01 15:46:01 INFO  org.reflections.Reflections:219 - Reflections took 25 ms to scan 1 urls, producing 8 keys and 45 values
2022-07-01 15:46:01 INFO  org.reflections.Reflections:219 - Reflections took 19 ms to scan 1 urls, producing 8 keys and 40 values
2022-07-01 15:46:01 INFO  edu.pitt.dbmi.causal.cmd.data.DataValidations:114 - Start data validation on file PC-INPUT.txt.
2022-07-01 15:46:01 INFO  edu.pitt.dbmi.causal.cmd.data.DataValidations:114 - End data validation on file PC-INPUT.txt.
2022-07-01 15:46:01 INFO  edu.pitt.dbmi.causal.cmd.data.DataValidations:78 - There are 500 cases and 10 variables.
2022-07-01 15:46:01 INFO  edu.pitt.dbmi.causal.cmd.data.DataFiles:114 - Start reading in file PC-INPUT.txt.
2022-07-01 15:46:01 INFO  edu.pitt.dbmi.causal.cmd.data.DataFiles:114 - Finished reading in file PC-INPUT.txt.
2022-07-01 15:46:01 INFO  edu.pitt.dbmi.causal.cmd.data.DataFiles:114 - File PC-INPUT.txt contains 500 cases, 10 variables.
2022-07-01 15:46:02 INFO  org.reflections.Reflections:219 - Reflections took 179 ms to scan 1 urls, producing 15 keys and 294 values
2022-07-01 15:46:03 INFO  org.reflections.Reflections:219 - Reflections took 25 ms to scan 1 urls, producing 8 keys and 45 values
2022-07-01 15:46:03 INFO  org.reflections.Reflections:219 - Reflections took 16 ms to scan 1 urls, producing 8 keys and 40 values
2022-07-01 15:46:03 INFO  edu.pitt.dbmi.causal.cmd.data.DataValidations:114 - Start data validation on file PC-INPUT.txt.
2022-07-01 15:46:03 INFO  edu.pitt.dbmi.causal.cmd.data.DataValidations:114 - End data validation on file PC-INPUT.txt.
2022-07-01 15:46:03 INFO  edu.pitt.dbmi.causal.cmd.data.DataValidations:78 - There are 500 cases and 10 variables.
2022-07-01 15:46:03 INFO  edu.pitt.dbmi.causal.cmd.data.DataFiles:114 - Start reading in file PC-INPUT.txt.
2022-07-01 15:46:03 INFO  edu.pitt.dbmi.causal.cmd.data.DataFiles:114 - Finished reading in file PC-INPUT.txt.
2022-07-01 15:46:03 INFO  edu.pitt.dbmi.causal.cmd.data.DataFiles:114 - File PC-INPUT.txt contains 500 cases, 10 variables.
2022-07-01 15:48:05 INFO  org.reflections.Reflections:219 - Reflections took 185 ms to scan 1 urls, producing 15 keys and 294 values
2022-07-01 15:48:05 INFO  org.reflections.Reflections:219 - Reflections took 26 ms to scan 1 urls, producing 8 keys and 45 values
2022-07-01 15:48:05 INFO  org.reflections.Reflections:219 - Reflections took 15 ms to scan 1 urls, producing 8 keys and 40 values
2022-07-01 15:48:06 INFO  edu.pitt.dbmi.causal.cmd.data.DataValidations:114 - Start data validation on file PC-INPUT.txt.
2022-07-01 15:48:06 INFO  edu.pitt.dbmi.causal.cmd.data.DataValidations:114 - End data validation on file PC-INPUT.txt.
2022-07-01 15:48:06 INFO  edu.pitt.dbmi.causal.cmd.data.DataValidations:78 - There are 500 cases and 10 variables.
2022-07-01 15:48:06 INFO  edu.pitt.dbmi.causal.cmd.data.DataFiles:114 - Start reading in file PC-INPUT.txt.
2022-07-01 15:48:06 INFO  edu.pitt.dbmi.causal.cmd.data.DataFiles:114 - Finished reading in file PC-INPUT.txt.
2022-07-01 15:48:06 INFO  edu.pitt.dbmi.causal.cmd.data.DataFiles:114 - File PC-INPUT.txt contains 500 cases, 10 variables.
2022-07-01 15:48:35 INFO  org.reflections.Reflections:219 - Reflections took 187 ms to scan 1 urls, producing 15 keys and 294 values
2022-07-01 15:48:35 INFO  org.reflections.Reflections:219 - Reflections took 24 ms to scan 1 urls, producing 8 keys and 45 values
2022-07-01 15:48:35 INFO  org.reflections.Reflections:219 - Reflections took 17 ms to scan 1 urls, producing 8 keys and 40 values
2022-07-01 15:48:36 INFO  edu.pitt.dbmi.causal.cmd.data.DataValidations:114 - Start data validation on file PC-INPUT.txt.
2022-07-01 15:48:36 INFO  edu.pitt.dbmi.causal.cmd.data.DataValidations:114 - End data validation on file PC-INPUT.txt.
2022-07-01 15:48:36 INFO  edu.pitt.dbmi.causal.cmd.data.DataValidations:78 - There are 500 cases and 10 variables.
2022-07-01 15:48:36 INFO  edu.pitt.dbmi.causal.cmd.data.DataFiles:114 - Start reading in file PC-INPUT.txt.
2022-07-01 15:48:36 INFO  edu.pitt.dbmi.causal.cmd.data.DataFiles:114 - Finished reading in file PC-INPUT.txt.
2022-07-01 15:48:36 INFO  edu.pitt.dbmi.causal.cmd.data.DataFiles:114 - File PC-INPUT.txt contains 500 cases, 10 variables.
2022-07-01 15:48:37 INFO  org.reflections.Reflections:219 - Reflections took 176 ms to scan 1 urls, producing 15 keys and 294 values
2022-07-01 15:48:38 INFO  org.reflections.Reflections:219 - Reflections took 27 ms to scan 1 urls, producing 8 keys and 45 values
2022-07-01 15:48:38 INFO  org.reflections.Reflections:219 - Reflections took 19 ms to scan 1 urls, producing 8 keys and 40 values
2022-07-01 15:48:38 INFO  edu.pitt.dbmi.causal.cmd.data.DataValidations:114 - Start data validation on file PC-INPUT.txt.
2022-07-01 15:48:38 INFO  edu.pitt.dbmi.causal.cmd.data.DataValidations:114 - End data validation on file PC-INPUT.txt.
2022-07-01 15:48:38 INFO  edu.pitt.dbmi.causal.cmd.data.DataValidations:78 - There are 500 cases and 10 variables.
2022-07-01 15:48:38 INFO  edu.pitt.dbmi.causal.cmd.data.DataFiles:114 - Start reading in file PC-INPUT.txt.
2022-07-01 15:48:38 INFO  edu.pitt.dbmi.causal.cmd.data.DataFiles:114 - Finished reading in file PC-INPUT.txt.
2022-07-01 15:48:38 INFO  edu.pitt.dbmi.causal.cmd.data.DataFiles:114 - File PC-INPUT.txt contains 500 cases, 10 variables.
2022-07-01 15:48:39 INFO  org.reflections.Reflections:219 - Reflections took 167 ms to scan 1 urls, producing 15 keys and 294 values
2022-07-01 15:48:39 INFO  org.reflections.Reflections:219 - Reflections took 26 ms to scan 1 urls, producing 8 keys and 45 values
2022-07-01 15:48:40 INFO  org.reflections.Reflections:219 - Reflections took 21 ms to scan 1 urls, producing 8 keys and 40 values
2022-07-01 15:48:40 INFO  edu.pitt.dbmi.causal.cmd.data.DataValidations:114 - Start data validation on file PC-INPUT.txt.
2022-07-01 15:48:40 INFO  edu.pitt.dbmi.causal.cmd.data.DataValidations:114 - End data validation on file PC-INPUT.txt.
2022-07-01 15:48:40 INFO  edu.pitt.dbmi.causal.cmd.data.DataValidations:78 - There are 500 cases and 10 variables.
2022-07-01 15:48:40 INFO  edu.pitt.dbmi.causal.cmd.data.DataFiles:114 - Start reading in file PC-INPUT.txt.
2022-07-01 15:48:40 INFO  edu.pitt.dbmi.causal.cmd.data.DataFiles:114 - Finished reading in file PC-INPUT.txt.
2022-07-01 15:48:40 INFO  edu.pitt.dbmi.causal.cmd.data.DataFiles:114 - File PC-INPUT.txt contains 500 cases, 10 variables.
2022-07-01 15:48:41 INFO  org.reflections.Reflections:219 - Reflections took 179 ms to scan 1 urls, producing 15 keys and 294 values
2022-07-01 15:48:41 INFO  org.reflections.Reflections:219 - Reflections took 26 ms to scan 1 urls, producing 8 keys and 45 values
2022-07-01 15:48:42 INFO  org.reflections.Reflections:219 - Reflections took 18 ms to scan 1 urls, producing 8 keys and 40 values
2022-07-01 15:48:42 INFO  edu.pitt.dbmi.causal.cmd.data.DataValidations:114 - Start data validation on file PC-INPUT.txt.
2022-07-01 15:48:42 INFO  edu.pitt.dbmi.causal.cmd.data.DataValidations:114 - End data validation on file PC-INPUT.txt.
2022-07-01 15:48:42 INFO  edu.pitt.dbmi.causal.cmd.data.DataValidations:78 - There are 500 cases and 10 variables.
2022-07-01 15:48:42 INFO  edu.pitt.dbmi.causal.cmd.data.DataFiles:114 - Start reading in file PC-INPUT.txt.
2022-07-01 15:48:42 INFO  edu.pitt.dbmi.causal.cmd.data.DataFiles:114 - Finished reading in file PC-INPUT.txt.
2022-07-01 15:48:42 INFO  edu.pitt.dbmi.causal.cmd.data.DataFiles:114 - File PC-INPUT.txt contains 500 cases, 10 variables.
2022-07-01 15:48:43 INFO  org.reflections.Reflections:219 - Reflections took 181 ms to scan 1 urls, producing 15 keys and 294 values
2022-07-01 15:48:43 INFO  org.reflections.Reflections:219 - Reflections took 25 ms to scan 1 urls, producing 8 keys and 45 values
2022-07-01 15:48:43 INFO  org.reflections.Reflections:219 - Reflections took 18 ms to scan 1 urls, producing 8 keys and 40 values
2022-07-01 15:48:44 INFO  edu.pitt.dbmi.causal.cmd.data.DataValidations:114 - Start data validation on file PC-INPUT.txt.
2022-07-01 15:48:44 INFO  edu.pitt.dbmi.causal.cmd.data.DataValidations:114 - End data validation on file PC-INPUT.txt.
2022-07-01 15:48:44 INFO  edu.pitt.dbmi.causal.cmd.data.DataValidations:78 - There are 500 cases and 10 variables.
2022-07-01 15:48:44 INFO  edu.pitt.dbmi.causal.cmd.data.DataFiles:114 - Start reading in file PC-INPUT.txt.
2022-07-01 15:48:44 INFO  edu.pitt.dbmi.causal.cmd.data.DataFiles:114 - Finished reading in file PC-INPUT.txt.
2022-07-01 15:48:44 INFO  edu.pitt.dbmi.causal.cmd.data.DataFiles:114 - File PC-INPUT.txt contains 500 cases, 10 variables.
2022-07-01 15:48:45 INFO  org.reflections.Reflections:219 - Reflections took 165 ms to scan 1 urls, producing 15 keys and 294 values
2022-07-01 15:48:45 INFO  org.reflections.Reflections:219 - Reflections took 30 ms to scan 1 urls, producing 8 keys and 45 values
2022-07-01 15:48:45 INFO  org.reflections.Reflections:219 - Reflections took 17 ms to scan 1 urls, producing 8 keys and 40 values
2022-07-01 15:48:46 INFO  edu.pitt.dbmi.causal.cmd.data.DataValidations:114 - Start data validation on file PC-INPUT.txt.
2022-07-01 15:48:46 INFO  edu.pitt.dbmi.causal.cmd.data.DataValidations:114 - End data validation on file PC-INPUT.txt.
2022-07-01 15:48:46 INFO  edu.pitt.dbmi.causal.cmd.data.DataValidations:78 - There are 500 cases and 10 variables.
2022-07-01 15:48:46 INFO  edu.pitt.dbmi.causal.cmd.data.DataFiles:114 - Start reading in file PC-INPUT.txt.
2022-07-01 15:48:46 INFO  edu.pitt.dbmi.causal.cmd.data.DataFiles:114 - Finished reading in file PC-INPUT.txt.
2022-07-01 15:48:46 INFO  edu.pitt.dbmi.causal.cmd.data.DataFiles:114 - File PC-INPUT.txt contains 500 cases, 10 variables.
2022-07-01 15:48:47 INFO  org.reflections.Reflections:219 - Reflections took 180 ms to scan 1 urls, producing 15 keys and 294 values
2022-07-01 15:48:47 INFO  org.reflections.Reflections:219 - Reflections took 26 ms to scan 1 urls, producing 8 keys and 45 values
2022-07-01 15:48:47 INFO  org.reflections.Reflections:219 - Reflections took 14 ms to scan 1 urls, producing 8 keys and 40 values
2022-07-01 15:48:48 INFO  edu.pitt.dbmi.causal.cmd.data.DataValidations:114 - Start data validation on file PC-INPUT.txt.
2022-07-01 15:48:48 INFO  edu.pitt.dbmi.causal.cmd.data.DataValidations:114 - End data validation on file PC-INPUT.txt.
2022-07-01 15:48:48 INFO  edu.pitt.dbmi.causal.cmd.data.DataValidations:78 - There are 500 cases and 10 variables.
2022-07-01 15:48:48 INFO  edu.pitt.dbmi.causal.cmd.data.DataFiles:114 - Start reading in file PC-INPUT.txt.
2022-07-01 15:48:48 INFO  edu.pitt.dbmi.causal.cmd.data.DataFiles:114 - Finished reading in file PC-INPUT.txt.
2022-07-01 15:48:48 INFO  edu.pitt.dbmi.causal.cmd.data.DataFiles:114 - File PC-INPUT.txt contains 500 cases, 10 variables.
2022-07-01 15:48:49 INFO  org.reflections.Reflections:219 - Reflections took 173 ms to scan 1 urls, producing 15 keys and 294 values
2022-07-01 15:48:49 INFO  org.reflections.Reflections:219 - Reflections took 25 ms to scan 1 urls, producing 8 keys and 45 values
2022-07-01 15:48:49 INFO  org.reflections.Reflections:219 - Reflections took 16 ms to scan 1 urls, producing 8 keys and 40 values
2022-07-01 15:48:50 INFO  edu.pitt.dbmi.causal.cmd.data.DataValidations:114 - Start data validation on file PC-INPUT.txt.
2022-07-01 15:48:50 INFO  edu.pitt.dbmi.causal.cmd.data.DataValidations:114 - End data validation on file PC-INPUT.txt.
2022-07-01 15:48:50 INFO  edu.pitt.dbmi.causal.cmd.data.DataValidations:78 - There are 500 cases and 10 variables.
2022-07-01 15:48:50 INFO  edu.pitt.dbmi.causal.cmd.data.DataFiles:114 - Start reading in file PC-INPUT.txt.
2022-07-01 15:48:50 INFO  edu.pitt.dbmi.causal.cmd.data.DataFiles:114 - Finished reading in file PC-INPUT.txt.
2022-07-01 15:48:50 INFO  edu.pitt.dbmi.causal.cmd.data.DataFiles:114 - File PC-INPUT.txt contains 500 cases, 10 variables.
2022-07-01 15:48:51 INFO  org.reflections.Reflections:219 - Reflections took 172 ms to scan 1 urls, producing 15 keys and 294 values
2022-07-01 15:48:51 INFO  org.reflections.Reflections:219 - Reflections took 26 ms to scan 1 urls, producing 8 keys and 45 values
2022-07-01 15:48:51 INFO  org.reflections.Reflections:219 - Reflections took 17 ms to scan 1 urls, producing 8 keys and 40 values
2022-07-01 15:48:52 INFO  edu.pitt.dbmi.causal.cmd.data.DataValidations:114 - Start data validation on file PC-INPUT.txt.
2022-07-01 15:48:52 INFO  edu.pitt.dbmi.causal.cmd.data.DataValidations:114 - End data validation on file PC-INPUT.txt.
2022-07-01 15:48:52 INFO  edu.pitt.dbmi.causal.cmd.data.DataValidations:78 - There are 500 cases and 10 variables.
2022-07-01 15:48:52 INFO  edu.pitt.dbmi.causal.cmd.data.DataFiles:114 - Start reading in file PC-INPUT.txt.
2022-07-01 15:48:52 INFO  edu.pitt.dbmi.causal.cmd.data.DataFiles:114 - Finished reading in file PC-INPUT.txt.
2022-07-01 15:48:52 INFO  edu.pitt.dbmi.causal.cmd.data.DataFiles:114 - File PC-INPUT.txt contains 500 cases, 10 variables.
2022-07-01 15:48:53 INFO  org.reflections.Reflections:219 - Reflections took 172 ms to scan 1 urls, producing 15 keys and 294 values
2022-07-01 15:48:53 INFO  org.reflections.Reflections:219 - Reflections took 27 ms to scan 1 urls, producing 8 keys and 45 values
2022-07-01 15:48:53 INFO  org.reflections.Reflections:219 - Reflections took 18 ms to scan 1 urls, producing 8 keys and 40 values
2022-07-01 15:48:54 INFO  edu.pitt.dbmi.causal.cmd.data.DataValidations:114 - Start data validation on file PC-INPUT.txt.
2022-07-01 15:48:54 INFO  edu.pitt.dbmi.causal.cmd.data.DataValidations:114 - End data validation on file PC-INPUT.txt.
2022-07-01 15:48:54 INFO  edu.pitt.dbmi.causal.cmd.data.DataValidations:78 - There are 500 cases and 10 variables.
2022-07-01 15:48:54 INFO  edu.pitt.dbmi.causal.cmd.data.DataFiles:114 - Start reading in file PC-INPUT.txt.
2022-07-01 15:48:54 INFO  edu.pitt.dbmi.causal.cmd.data.DataFiles:114 - Finished reading in file PC-INPUT.txt.
2022-07-01 15:48:54 INFO  edu.pitt.dbmi.causal.cmd.data.DataFiles:114 - File PC-INPUT.txt contains 500 cases, 10 variables.
2022-07-01 15:49:15 INFO  org.reflections.Reflections:219 - Reflections took 182 ms to scan 1 urls, producing 15 keys and 294 values
2022-07-01 15:49:15 INFO  org.reflections.Reflections:219 - Reflections took 25 ms to scan 1 urls, producing 8 keys and 45 values
2022-07-01 15:49:15 INFO  org.reflections.Reflections:219 - Reflections took 22 ms to scan 1 urls, producing 8 keys and 40 values
2022-07-01 15:49:16 INFO  edu.pitt.dbmi.causal.cmd.data.DataValidations:114 - Start data validation on file PC-INPUT.txt.
2022-07-01 15:49:16 INFO  edu.pitt.dbmi.causal.cmd.data.DataValidations:114 - End data validation on file PC-INPUT.txt.
2022-07-01 15:49:16 INFO  edu.pitt.dbmi.causal.cmd.data.DataValidations:78 - There are 500 cases and 10 variables.
2022-07-01 15:49:16 INFO  edu.pitt.dbmi.causal.cmd.data.DataFiles:114 - Start reading in file PC-INPUT.txt.
2022-07-01 15:49:16 INFO  edu.pitt.dbmi.causal.cmd.data.DataFiles:114 - Finished reading in file PC-INPUT.txt.
2022-07-01 15:49:16 INFO  edu.pitt.dbmi.causal.cmd.data.DataFiles:114 - File PC-INPUT.txt contains 500 cases, 10 variables.
2022-07-01 15:49:17 INFO  org.reflections.Reflections:219 - Reflections took 175 ms to scan 1 urls, producing 15 keys and 294 values
2022-07-01 15:49:17 INFO  org.reflections.Reflections:219 - Reflections took 29 ms to scan 1 urls, producing 8 keys and 45 values
2022-07-01 15:49:17 INFO  org.reflections.Reflections:219 - Reflections took 21 ms to scan 1 urls, producing 8 keys and 40 values
2022-07-01 15:49:18 INFO  edu.pitt.dbmi.causal.cmd.data.DataValidations:114 - Start data validation on file PC-INPUT.txt.
2022-07-01 15:49:18 INFO  edu.pitt.dbmi.causal.cmd.data.DataValidations:114 - End data validation on file PC-INPUT.txt.
2022-07-01 15:49:18 INFO  edu.pitt.dbmi.causal.cmd.data.DataValidations:78 - There are 500 cases and 10 variables.
2022-07-01 15:49:18 INFO  edu.pitt.dbmi.causal.cmd.data.DataFiles:114 - Start reading in file PC-INPUT.txt.
2022-07-01 15:49:18 INFO  edu.pitt.dbmi.causal.cmd.data.DataFiles:114 - Finished reading in file PC-INPUT.txt.
2022-07-01 15:49:18 INFO  edu.pitt.dbmi.causal.cmd.data.DataFiles:114 - File PC-INPUT.txt contains 500 cases, 10 variables.
2022-07-01 15:49:19 INFO  org.reflections.Reflections:219 - Reflections took 175 ms to scan 1 urls, producing 15 keys and 294 values
2022-07-01 15:49:19 INFO  org.reflections.Reflections:219 - Reflections took 25 ms to scan 1 urls, producing 8 keys and 45 values
2022-07-01 15:49:19 INFO  org.reflections.Reflections:219 - Reflections took 19 ms to scan 1 urls, producing 8 keys and 40 values
2022-07-01 15:49:20 INFO  edu.pitt.dbmi.causal.cmd.data.DataValidations:114 - Start data validation on file PC-INPUT.txt.
2022-07-01 15:49:20 INFO  edu.pitt.dbmi.causal.cmd.data.DataValidations:114 - End data validation on file PC-INPUT.txt.
2022-07-01 15:49:20 INFO  edu.pitt.dbmi.causal.cmd.data.DataValidations:78 - There are 500 cases and 10 variables.
2022-07-01 15:49:20 INFO  edu.pitt.dbmi.causal.cmd.data.DataFiles:114 - Start reading in file PC-INPUT.txt.
2022-07-01 15:49:20 INFO  edu.pitt.dbmi.causal.cmd.data.DataFiles:114 - Finished reading in file PC-INPUT.txt.
2022-07-01 15:49:20 INFO  edu.pitt.dbmi.causal.cmd.data.DataFiles:114 - File PC-INPUT.txt contains 500 cases, 10 variables.
2022-07-01 15:49:21 INFO  org.reflections.Reflections:219 - Reflections took 176 ms to scan 1 urls, producing 15 keys and 294 values
2022-07-01 15:49:21 INFO  org.reflections.Reflections:219 - Reflections took 22 ms to scan 1 urls, producing 8 keys and 45 values
2022-07-01 15:49:21 INFO  org.reflections.Reflections:219 - Reflections took 18 ms to scan 1 urls, producing 8 keys and 40 values
2022-07-01 15:49:22 INFO  edu.pitt.dbmi.causal.cmd.data.DataValidations:114 - Start data validation on file PC-INPUT.txt.
2022-07-01 15:49:22 INFO  edu.pitt.dbmi.causal.cmd.data.DataValidations:114 - End data validation on file PC-INPUT.txt.
2022-07-01 15:49:22 INFO  edu.pitt.dbmi.causal.cmd.data.DataValidations:78 - There are 500 cases and 10 variables.
2022-07-01 15:49:22 INFO  edu.pitt.dbmi.causal.cmd.data.DataFiles:114 - Start reading in file PC-INPUT.txt.
2022-07-01 15:49:22 INFO  edu.pitt.dbmi.causal.cmd.data.DataFiles:114 - Finished reading in file PC-INPUT.txt.
2022-07-01 15:49:22 INFO  edu.pitt.dbmi.causal.cmd.data.DataFiles:114 - File PC-INPUT.txt contains 500 cases, 10 variables.
2022-07-01 15:49:23 INFO  org.reflections.Reflections:219 - Reflections took 179 ms to scan 1 urls, producing 15 keys and 294 values
2022-07-01 15:49:23 INFO  org.reflections.Reflections:219 - Reflections took 26 ms to scan 1 urls, producing 8 keys and 45 values
2022-07-01 15:49:23 INFO  org.reflections.Reflections:219 - Reflections took 17 ms to scan 1 urls, producing 8 keys and 40 values
2022-07-01 15:49:24 INFO  edu.pitt.dbmi.causal.cmd.data.DataValidations:114 - Start data validation on file PC-INPUT.txt.
2022-07-01 15:49:24 INFO  edu.pitt.dbmi.causal.cmd.data.DataValidations:114 - End data validation on file PC-INPUT.txt.
2022-07-01 15:49:24 INFO  edu.pitt.dbmi.causal.cmd.data.DataValidations:78 - There are 500 cases and 10 variables.
2022-07-01 15:49:24 INFO  edu.pitt.dbmi.causal.cmd.data.DataFiles:114 - Start reading in file PC-INPUT.txt.
2022-07-01 15:49:24 INFO  edu.pitt.dbmi.causal.cmd.data.DataFiles:114 - Finished reading in file PC-INPUT.txt.
2022-07-01 15:49:24 INFO  edu.pitt.dbmi.causal.cmd.data.DataFiles:114 - File PC-INPUT.txt contains 500 cases, 10 variables.
2022-07-01 15:49:25 INFO  org.reflections.Reflections:219 - Reflections took 170 ms to scan 1 urls, producing 15 keys and 294 values
2022-07-01 15:49:25 INFO  org.reflections.Reflections:219 - Reflections took 29 ms to scan 1 urls, producing 8 keys and 45 values
2022-07-01 15:49:25 INFO  org.reflections.Reflections:219 - Reflections took 21 ms to scan 1 urls, producing 8 keys and 40 values
2022-07-01 15:49:26 INFO  edu.pitt.dbmi.causal.cmd.data.DataValidations:114 - Start data validation on file PC-INPUT.txt.
2022-07-01 15:49:26 INFO  edu.pitt.dbmi.causal.cmd.data.DataValidations:114 - End data validation on file PC-INPUT.txt.
2022-07-01 15:49:26 INFO  edu.pitt.dbmi.causal.cmd.data.DataValidations:78 - There are 500 cases and 10 variables.
2022-07-01 15:49:26 INFO  edu.pitt.dbmi.causal.cmd.data.DataFiles:114 - Start reading in file PC-INPUT.txt.
2022-07-01 15:49:26 INFO  edu.pitt.dbmi.causal.cmd.data.DataFiles:114 - Finished reading in file PC-INPUT.txt.
2022-07-01 15:49:26 INFO  edu.pitt.dbmi.causal.cmd.data.DataFiles:114 - File PC-INPUT.txt contains 500 cases, 10 variables.
2022-07-01 15:49:27 INFO  org.reflections.Reflections:219 - Reflections took 187 ms to scan 1 urls, producing 15 keys and 294 values
2022-07-01 15:49:27 INFO  org.reflections.Reflections:219 - Reflections took 25 ms to scan 1 urls, producing 8 keys and 45 values
2022-07-01 15:49:27 INFO  org.reflections.Reflections:219 - Reflections took 22 ms to scan 1 urls, producing 8 keys and 40 values
2022-07-01 15:49:28 INFO  edu.pitt.dbmi.causal.cmd.data.DataValidations:114 - Start data validation on file PC-INPUT.txt.
2022-07-01 15:49:28 INFO  edu.pitt.dbmi.causal.cmd.data.DataValidations:114 - End data validation on file PC-INPUT.txt.
2022-07-01 15:49:28 INFO  edu.pitt.dbmi.causal.cmd.data.DataValidations:78 - There are 500 cases and 10 variables.
2022-07-01 15:49:28 INFO  edu.pitt.dbmi.causal.cmd.data.DataFiles:114 - Start reading in file PC-INPUT.txt.
2022-07-01 15:49:28 INFO  edu.pitt.dbmi.causal.cmd.data.DataFiles:114 - Finished reading in file PC-INPUT.txt.
2022-07-01 15:49:28 INFO  edu.pitt.dbmi.causal.cmd.data.DataFiles:114 - File PC-INPUT.txt contains 500 cases, 10 variables.
2022-07-01 15:49:29 INFO  org.reflections.Reflections:219 - Reflections took 176 ms to scan 1 urls, producing 15 keys and 294 values
2022-07-01 15:49:29 INFO  org.reflections.Reflections:219 - Reflections took 23 ms to scan 1 urls, producing 8 keys and 45 values
2022-07-01 15:49:29 INFO  org.reflections.Reflections:219 - Reflections took 19 ms to scan 1 urls, producing 8 keys and 40 values
2022-07-01 15:49:30 INFO  edu.pitt.dbmi.causal.cmd.data.DataValidations:114 - Start data validation on file PC-INPUT.txt.
2022-07-01 15:49:30 INFO  edu.pitt.dbmi.causal.cmd.data.DataValidations:114 - End data validation on file PC-INPUT.txt.
2022-07-01 15:49:30 INFO  edu.pitt.dbmi.causal.cmd.data.DataValidations:78 - There are 500 cases and 10 variables.
2022-07-01 15:49:30 INFO  edu.pitt.dbmi.causal.cmd.data.DataFiles:114 - Start reading in file PC-INPUT.txt.
2022-07-01 15:49:30 INFO  edu.pitt.dbmi.causal.cmd.data.DataFiles:114 - Finished reading in file PC-INPUT.txt.
2022-07-01 15:49:30 INFO  edu.pitt.dbmi.causal.cmd.data.DataFiles:114 - File PC-INPUT.txt contains 500 cases, 10 variables.
2022-07-01 15:49:31 INFO  org.reflections.Reflections:219 - Reflections took 168 ms to scan 1 urls, producing 15 keys and 294 values
2022-07-01 15:49:31 INFO  org.reflections.Reflections:219 - Reflections took 28 ms to scan 1 urls, producing 8 keys and 45 values
2022-07-01 15:49:31 INFO  org.reflections.Reflections:219 - Reflections took 17 ms to scan 1 urls, producing 8 keys and 40 values
2022-07-01 15:49:32 INFO  edu.pitt.dbmi.causal.cmd.data.DataValidations:114 - Start data validation on file PC-INPUT.txt.
2022-07-01 15:49:32 INFO  edu.pitt.dbmi.causal.cmd.data.DataValidations:114 - End data validation on file PC-INPUT.txt.
2022-07-01 15:49:32 INFO  edu.pitt.dbmi.causal.cmd.data.DataValidations:78 - There are 500 cases and 10 variables.
2022-07-01 15:49:32 INFO  edu.pitt.dbmi.causal.cmd.data.DataFiles:114 - Start reading in file PC-INPUT.txt.
2022-07-01 15:49:32 INFO  edu.pitt.dbmi.causal.cmd.data.DataFiles:114 - Finished reading in file PC-INPUT.txt.
2022-07-01 15:49:32 INFO  edu.pitt.dbmi.causal.cmd.data.DataFiles:114 - File PC-INPUT.txt contains 500 cases, 10 variables.
2022-07-01 15:49:33 INFO  org.reflections.Reflections:219 - Reflections took 181 ms to scan 1 urls, producing 15 keys and 294 values
2022-07-01 15:49:33 INFO  org.reflections.Reflections:219 - Reflections took 24 ms to scan 1 urls, producing 8 keys and 45 values
2022-07-01 15:49:33 INFO  org.reflections.Reflections:219 - Reflections took 17 ms to scan 1 urls, producing 8 keys and 40 values
2022-07-01 15:49:34 INFO  edu.pitt.dbmi.causal.cmd.data.DataValidations:114 - Start data validation on file PC-INPUT.txt.
2022-07-01 15:49:34 INFO  edu.pitt.dbmi.causal.cmd.data.DataValidations:114 - End data validation on file PC-INPUT.txt.
2022-07-01 15:49:34 INFO  edu.pitt.dbmi.causal.cmd.data.DataValidations:78 - There are 500 cases and 10 variables.
2022-07-01 15:49:34 INFO  edu.pitt.dbmi.causal.cmd.data.DataFiles:114 - Start reading in file PC-INPUT.txt.
2022-07-01 15:49:34 INFO  edu.pitt.dbmi.causal.cmd.data.DataFiles:114 - Finished reading in file PC-INPUT.txt.
2022-07-01 15:49:34 INFO  edu.pitt.dbmi.causal.cmd.data.DataFiles:114 - File PC-INPUT.txt contains 500 cases, 10 variables.
2022-07-01 15:50:04 INFO  org.reflections.Reflections:219 - Reflections took 168 ms to scan 1 urls, producing 15 keys and 294 values
2022-07-01 15:50:04 INFO  org.reflections.Reflections:219 - Reflections took 27 ms to scan 1 urls, producing 8 keys and 45 values
2022-07-01 15:50:04 INFO  org.reflections.Reflections:219 - Reflections took 18 ms to scan 1 urls, producing 8 keys and 40 values
2022-07-01 15:50:04 INFO  edu.pitt.dbmi.causal.cmd.data.DataValidations:114 - Start data validation on file PC-INPUT.txt.
2022-07-01 15:50:05 INFO  edu.pitt.dbmi.causal.cmd.data.DataValidations:114 - End data validation on file PC-INPUT.txt.
2022-07-01 15:50:05 INFO  edu.pitt.dbmi.causal.cmd.data.DataValidations:78 - There are 500 cases and 10 variables.
2022-07-01 15:50:05 INFO  edu.pitt.dbmi.causal.cmd.data.DataFiles:114 - Start reading in file PC-INPUT.txt.
2022-07-01 15:50:05 INFO  edu.pitt.dbmi.causal.cmd.data.DataFiles:114 - Finished reading in file PC-INPUT.txt.
2022-07-01 15:50:05 INFO  edu.pitt.dbmi.causal.cmd.data.DataFiles:114 - File PC-INPUT.txt contains 500 cases, 10 variables.
2022-07-01 15:50:06 INFO  org.reflections.Reflections:219 - Reflections took 177 ms to scan 1 urls, producing 15 keys and 294 values
2022-07-01 15:50:06 INFO  org.reflections.Reflections:219 - Reflections took 28 ms to scan 1 urls, producing 8 keys and 45 values
2022-07-01 15:50:06 INFO  org.reflections.Reflections:219 - Reflections took 19 ms to scan 1 urls, producing 8 keys and 40 values
2022-07-01 15:50:07 INFO  edu.pitt.dbmi.causal.cmd.data.DataValidations:114 - Start data validation on file PC-INPUT.txt.
2022-07-01 15:50:07 INFO  edu.pitt.dbmi.causal.cmd.data.DataValidations:114 - End data validation on file PC-INPUT.txt.
2022-07-01 15:50:07 INFO  edu.pitt.dbmi.causal.cmd.data.DataValidations:78 - There are 500 cases and 10 variables.
2022-07-01 15:50:07 INFO  edu.pitt.dbmi.causal.cmd.data.DataFiles:114 - Start reading in file PC-INPUT.txt.
2022-07-01 15:50:07 INFO  edu.pitt.dbmi.causal.cmd.data.DataFiles:114 - Finished reading in file PC-INPUT.txt.
2022-07-01 15:50:07 INFO  edu.pitt.dbmi.causal.cmd.data.DataFiles:114 - File PC-INPUT.txt contains 500 cases, 10 variables.
2022-07-01 15:50:08 INFO  org.reflections.Reflections:219 - Reflections took 177 ms to scan 1 urls, producing 15 keys and 294 values
2022-07-01 15:50:08 INFO  org.reflections.Reflections:219 - Reflections took 25 ms to scan 1 urls, producing 8 keys and 45 values
2022-07-01 15:50:08 INFO  org.reflections.Reflections:219 - Reflections took 19 ms to scan 1 urls, producing 8 keys and 40 values
2022-07-01 15:50:09 INFO  edu.pitt.dbmi.causal.cmd.data.DataValidations:114 - Start data validation on file PC-INPUT.txt.
2022-07-01 15:50:09 INFO  edu.pitt.dbmi.causal.cmd.data.DataValidations:114 - End data validation on file PC-INPUT.txt.
2022-07-01 15:50:09 INFO  edu.pitt.dbmi.causal.cmd.data.DataValidations:78 - There are 500 cases and 10 variables.
2022-07-01 15:50:09 INFO  edu.pitt.dbmi.causal.cmd.data.DataFiles:114 - Start reading in file PC-INPUT.txt.
2022-07-01 15:50:09 INFO  edu.pitt.dbmi.causal.cmd.data.DataFiles:114 - Finished reading in file PC-INPUT.txt.
2022-07-01 15:50:09 INFO  edu.pitt.dbmi.causal.cmd.data.DataFiles:114 - File PC-INPUT.txt contains 500 cases, 10 variables.
2022-07-01 15:50:10 INFO  org.reflections.Reflections:219 - Reflections took 167 ms to scan 1 urls, producing 15 keys and 294 values
2022-07-01 15:50:10 INFO  org.reflections.Reflections:219 - Reflections took 30 ms to scan 1 urls, producing 8 keys and 45 values
2022-07-01 15:50:10 INFO  org.reflections.Reflections:219 - Reflections took 23 ms to scan 1 urls, producing 8 keys and 40 values
2022-07-01 15:50:11 INFO  edu.pitt.dbmi.causal.cmd.data.DataValidations:114 - Start data validation on file PC-INPUT.txt.
2022-07-01 15:50:11 INFO  edu.pitt.dbmi.causal.cmd.data.DataValidations:114 - End data validation on file PC-INPUT.txt.
2022-07-01 15:50:11 INFO  edu.pitt.dbmi.causal.cmd.data.DataValidations:78 - There are 500 cases and 10 variables.
2022-07-01 15:50:11 INFO  edu.pitt.dbmi.causal.cmd.data.DataFiles:114 - Start reading in file PC-INPUT.txt.
2022-07-01 15:50:11 INFO  edu.pitt.dbmi.causal.cmd.data.DataFiles:114 - Finished reading in file PC-INPUT.txt.
2022-07-01 15:50:11 INFO  edu.pitt.dbmi.causal.cmd.data.DataFiles:114 - File PC-INPUT.txt contains 500 cases, 10 variables.
2022-07-01 15:50:12 INFO  org.reflections.Reflections:219 - Reflections took 177 ms to scan 1 urls, producing 15 keys and 294 values
2022-07-01 15:50:12 INFO  org.reflections.Reflections:219 - Reflections took 29 ms to scan 1 urls, producing 8 keys and 45 values
2022-07-01 15:50:12 INFO  org.reflections.Reflections:219 - Reflections took 16 ms to scan 1 urls, producing 8 keys and 40 values
2022-07-01 15:50:13 INFO  edu.pitt.dbmi.causal.cmd.data.DataValidations:114 - Start data validation on file PC-INPUT.txt.
2022-07-01 15:50:13 INFO  edu.pitt.dbmi.causal.cmd.data.DataValidations:114 - End data validation on file PC-INPUT.txt.
2022-07-01 15:50:13 INFO  edu.pitt.dbmi.causal.cmd.data.DataValidations:78 - There are 500 cases and 10 variables.
2022-07-01 15:50:13 INFO  edu.pitt.dbmi.causal.cmd.data.DataFiles:114 - Start reading in file PC-INPUT.txt.
2022-07-01 15:50:13 INFO  edu.pitt.dbmi.causal.cmd.data.DataFiles:114 - Finished reading in file PC-INPUT.txt.
2022-07-01 15:50:13 INFO  edu.pitt.dbmi.causal.cmd.data.DataFiles:114 - File PC-INPUT.txt contains 500 cases, 10 variables.
2022-07-01 15:50:14 INFO  org.reflections.Reflections:219 - Reflections took 167 ms to scan 1 urls, producing 15 keys and 294 values
2022-07-01 15:50:14 INFO  org.reflections.Reflections:219 - Reflections took 28 ms to scan 1 urls, producing 8 keys and 45 values
2022-07-01 15:50:14 INFO  org.reflections.Reflections:219 - Reflections took 24 ms to scan 1 urls, producing 8 keys and 40 values
2022-07-01 15:50:14 INFO  edu.pitt.dbmi.causal.cmd.data.DataValidations:114 - Start data validation on file PC-INPUT.txt.
2022-07-01 15:50:15 INFO  edu.pitt.dbmi.causal.cmd.data.DataValidations:114 - End data validation on file PC-INPUT.txt.
2022-07-01 15:50:15 INFO  edu.pitt.dbmi.causal.cmd.data.DataValidations:78 - There are 500 cases and 10 variables.
2022-07-01 15:50:15 INFO  edu.pitt.dbmi.causal.cmd.data.DataFiles:114 - Start reading in file PC-INPUT.txt.
2022-07-01 15:50:15 INFO  edu.pitt.dbmi.causal.cmd.data.DataFiles:114 - Finished reading in file PC-INPUT.txt.
2022-07-01 15:50:15 INFO  edu.pitt.dbmi.causal.cmd.data.DataFiles:114 - File PC-INPUT.txt contains 500 cases, 10 variables.
2022-07-01 15:50:16 INFO  org.reflections.Reflections:219 - Reflections took 173 ms to scan 1 urls, producing 15 keys and 294 values
2022-07-01 15:50:16 INFO  org.reflections.Reflections:219 - Reflections took 25 ms to scan 1 urls, producing 8 keys and 45 values
2022-07-01 15:50:16 INFO  org.reflections.Reflections:219 - Reflections took 19 ms to scan 1 urls, producing 8 keys and 40 values
2022-07-01 15:50:16 INFO  edu.pitt.dbmi.causal.cmd.data.DataValidations:114 - Start data validation on file PC-INPUT.txt.
2022-07-01 15:50:17 INFO  edu.pitt.dbmi.causal.cmd.data.DataValidations:114 - End data validation on file PC-INPUT.txt.
2022-07-01 15:50:17 INFO  edu.pitt.dbmi.causal.cmd.data.DataValidations:78 - There are 500 cases and 10 variables.
2022-07-01 15:50:17 INFO  edu.pitt.dbmi.causal.cmd.data.DataFiles:114 - Start reading in file PC-INPUT.txt.
2022-07-01 15:50:17 INFO  edu.pitt.dbmi.causal.cmd.data.DataFiles:114 - Finished reading in file PC-INPUT.txt.
2022-07-01 15:50:17 INFO  edu.pitt.dbmi.causal.cmd.data.DataFiles:114 - File PC-INPUT.txt contains 500 cases, 10 variables.
2022-07-01 15:50:18 INFO  org.reflections.Reflections:219 - Reflections took 174 ms to scan 1 urls, producing 15 keys and 294 values
2022-07-01 15:50:18 INFO  org.reflections.Reflections:219 - Reflections took 27 ms to scan 1 urls, producing 8 keys and 45 values
2022-07-01 15:50:18 INFO  org.reflections.Reflections:219 - Reflections took 17 ms to scan 1 urls, producing 8 keys and 40 values
2022-07-01 15:50:18 INFO  edu.pitt.dbmi.causal.cmd.data.DataValidations:114 - Start data validation on file PC-INPUT.txt.
2022-07-01 15:50:18 INFO  edu.pitt.dbmi.causal.cmd.data.DataValidations:114 - End data validation on file PC-INPUT.txt.
2022-07-01 15:50:18 INFO  edu.pitt.dbmi.causal.cmd.data.DataValidations:78 - There are 500 cases and 10 variables.
2022-07-01 15:50:18 INFO  edu.pitt.dbmi.causal.cmd.data.DataFiles:114 - Start reading in file PC-INPUT.txt.
2022-07-01 15:50:18 INFO  edu.pitt.dbmi.causal.cmd.data.DataFiles:114 - Finished reading in file PC-INPUT.txt.
2022-07-01 15:50:18 INFO  edu.pitt.dbmi.causal.cmd.data.DataFiles:114 - File PC-INPUT.txt contains 500 cases, 10 variables.
2022-07-01 15:50:19 INFO  org.reflections.Reflections:219 - Reflections took 177 ms to scan 1 urls, producing 15 keys and 294 values
2022-07-01 15:50:20 INFO  org.reflections.Reflections:219 - Reflections took 24 ms to scan 1 urls, producing 8 keys and 45 values
2022-07-01 15:50:20 INFO  org.reflections.Reflections:219 - Reflections took 21 ms to scan 1 urls, producing 8 keys and 40 values
2022-07-01 15:50:20 INFO  edu.pitt.dbmi.causal.cmd.data.DataValidations:114 - Start data validation on file PC-INPUT.txt.
2022-07-01 15:50:20 INFO  edu.pitt.dbmi.causal.cmd.data.DataValidations:114 - End data validation on file PC-INPUT.txt.
2022-07-01 15:50:20 INFO  edu.pitt.dbmi.causal.cmd.data.DataValidations:78 - There are 500 cases and 10 variables.
2022-07-01 15:50:20 INFO  edu.pitt.dbmi.causal.cmd.data.DataFiles:114 - Start reading in file PC-INPUT.txt.
2022-07-01 15:50:21 INFO  edu.pitt.dbmi.causal.cmd.data.DataFiles:114 - Finished reading in file PC-INPUT.txt.
2022-07-01 15:50:21 INFO  edu.pitt.dbmi.causal.cmd.data.DataFiles:114 - File PC-INPUT.txt contains 500 cases, 10 variables.
2022-07-01 15:50:21 INFO  org.reflections.Reflections:219 - Reflections took 175 ms to scan 1 urls, producing 15 keys and 294 values
2022-07-01 15:50:22 INFO  org.reflections.Reflections:219 - Reflections took 25 ms to scan 1 urls, producing 8 keys and 45 values
2022-07-01 15:50:22 INFO  org.reflections.Reflections:219 - Reflections took 19 ms to scan 1 urls, producing 8 keys and 40 values
2022-07-01 15:50:22 INFO  edu.pitt.dbmi.causal.cmd.data.DataValidations:114 - Start data validation on file PC-INPUT.txt.
2022-07-01 15:50:22 INFO  edu.pitt.dbmi.causal.cmd.data.DataValidations:114 - End data validation on file PC-INPUT.txt.
2022-07-01 15:50:22 INFO  edu.pitt.dbmi.causal.cmd.data.DataValidations:78 - There are 500 cases and 10 variables.
2022-07-01 15:50:22 INFO  edu.pitt.dbmi.causal.cmd.data.DataFiles:114 - Start reading in file PC-INPUT.txt.
2022-07-01 15:50:22 INFO  edu.pitt.dbmi.causal.cmd.data.DataFiles:114 - Finished reading in file PC-INPUT.txt.
2022-07-01 15:50:22 INFO  edu.pitt.dbmi.causal.cmd.data.DataFiles:114 - File PC-INPUT.txt contains 500 cases, 10 variables.
2022-07-01 15:51:31 INFO  org.reflections.Reflections:219 - Reflections took 178 ms to scan 1 urls, producing 15 keys and 294 values
2022-07-01 15:51:31 INFO  org.reflections.Reflections:219 - Reflections took 27 ms to scan 1 urls, producing 8 keys and 45 values
2022-07-01 15:51:31 INFO  org.reflections.Reflections:219 - Reflections took 18 ms to scan 1 urls, producing 8 keys and 40 values
2022-07-01 15:51:31 INFO  edu.pitt.dbmi.causal.cmd.data.DataValidations:114 - Start data validation on file PC-INPUT.txt.
2022-07-01 15:51:32 INFO  edu.pitt.dbmi.causal.cmd.data.DataValidations:114 - End data validation on file PC-INPUT.txt.
2022-07-01 15:51:32 INFO  edu.pitt.dbmi.causal.cmd.data.DataValidations:78 - There are 500 cases and 10 variables.
2022-07-01 15:51:32 INFO  edu.pitt.dbmi.causal.cmd.data.DataFiles:114 - Start reading in file PC-INPUT.txt.
2022-07-01 15:51:32 INFO  edu.pitt.dbmi.causal.cmd.data.DataFiles:114 - Finished reading in file PC-INPUT.txt.
2022-07-01 15:51:32 INFO  edu.pitt.dbmi.causal.cmd.data.DataFiles:114 - File PC-INPUT.txt contains 500 cases, 10 variables.
2022-07-01 15:51:33 INFO  org.reflections.Reflections:219 - Reflections took 177 ms to scan 1 urls, producing 15 keys and 294 values
2022-07-01 15:51:33 INFO  org.reflections.Reflections:219 - Reflections took 24 ms to scan 1 urls, producing 8 keys and 45 values
2022-07-01 15:51:33 INFO  org.reflections.Reflections:219 - Reflections took 16 ms to scan 1 urls, producing 8 keys and 40 values
2022-07-01 15:51:34 INFO  edu.pitt.dbmi.causal.cmd.data.DataValidations:114 - Start data validation on file PC-INPUT.txt.
2022-07-01 15:51:34 INFO  edu.pitt.dbmi.causal.cmd.data.DataValidations:114 - End data validation on file PC-INPUT.txt.
2022-07-01 15:51:34 INFO  edu.pitt.dbmi.causal.cmd.data.DataValidations:78 - There are 500 cases and 10 variables.
2022-07-01 15:51:34 INFO  edu.pitt.dbmi.causal.cmd.data.DataFiles:114 - Start reading in file PC-INPUT.txt.
2022-07-01 15:51:34 INFO  edu.pitt.dbmi.causal.cmd.data.DataFiles:114 - Finished reading in file PC-INPUT.txt.
2022-07-01 15:51:34 INFO  edu.pitt.dbmi.causal.cmd.data.DataFiles:114 - File PC-INPUT.txt contains 500 cases, 10 variables.
2022-07-01 15:51:35 INFO  org.reflections.Reflections:219 - Reflections took 168 ms to scan 1 urls, producing 15 keys and 294 values
2022-07-01 15:51:35 INFO  org.reflections.Reflections:219 - Reflections took 28 ms to scan 1 urls, producing 8 keys and 45 values
2022-07-01 15:51:35 INFO  org.reflections.Reflections:219 - Reflections took 20 ms to scan 1 urls, producing 8 keys and 40 values
2022-07-01 15:51:35 INFO  edu.pitt.dbmi.causal.cmd.data.DataValidations:114 - Start data validation on file PC-INPUT.txt.
2022-07-01 15:51:36 INFO  edu.pitt.dbmi.causal.cmd.data.DataValidations:114 - End data validation on file PC-INPUT.txt.
2022-07-01 15:51:36 INFO  edu.pitt.dbmi.causal.cmd.data.DataValidations:78 - There are 500 cases and 10 variables.
2022-07-01 15:51:36 INFO  edu.pitt.dbmi.causal.cmd.data.DataFiles:114 - Start reading in file PC-INPUT.txt.
2022-07-01 15:51:36 INFO  edu.pitt.dbmi.causal.cmd.data.DataFiles:114 - Finished reading in file PC-INPUT.txt.
2022-07-01 15:51:36 INFO  edu.pitt.dbmi.causal.cmd.data.DataFiles:114 - File PC-INPUT.txt contains 500 cases, 10 variables.
2022-07-01 15:51:37 INFO  org.reflections.Reflections:219 - Reflections took 176 ms to scan 1 urls, producing 15 keys and 294 values
2022-07-01 15:51:37 INFO  org.reflections.Reflections:219 - Reflections took 26 ms to scan 1 urls, producing 8 keys and 45 values
2022-07-01 15:51:37 INFO  org.reflections.Reflections:219 - Reflections took 18 ms to scan 1 urls, producing 8 keys and 40 values
2022-07-01 15:51:38 INFO  edu.pitt.dbmi.causal.cmd.data.DataValidations:114 - Start data validation on file PC-INPUT.txt.
2022-07-01 15:51:38 INFO  edu.pitt.dbmi.causal.cmd.data.DataValidations:114 - End data validation on file PC-INPUT.txt.
2022-07-01 15:51:38 INFO  edu.pitt.dbmi.causal.cmd.data.DataValidations:78 - There are 500 cases and 10 variables.
2022-07-01 15:51:38 INFO  edu.pitt.dbmi.causal.cmd.data.DataFiles:114 - Start reading in file PC-INPUT.txt.
2022-07-01 15:51:38 INFO  edu.pitt.dbmi.causal.cmd.data.DataFiles:114 - Finished reading in file PC-INPUT.txt.
2022-07-01 15:51:38 INFO  edu.pitt.dbmi.causal.cmd.data.DataFiles:114 - File PC-INPUT.txt contains 500 cases, 10 variables.
2022-07-01 15:51:39 INFO  org.reflections.Reflections:219 - Reflections took 174 ms to scan 1 urls, producing 15 keys and 294 values
2022-07-01 15:51:39 INFO  org.reflections.Reflections:219 - Reflections took 26 ms to scan 1 urls, producing 8 keys and 45 values
2022-07-01 15:51:39 INFO  org.reflections.Reflections:219 - Reflections took 20 ms to scan 1 urls, producing 8 keys and 40 values
2022-07-01 15:51:39 INFO  edu.pitt.dbmi.causal.cmd.data.DataValidations:114 - Start data validation on file PC-INPUT.txt.
2022-07-01 15:51:39 INFO  edu.pitt.dbmi.causal.cmd.data.DataValidations:114 - End data validation on file PC-INPUT.txt.
2022-07-01 15:51:39 INFO  edu.pitt.dbmi.causal.cmd.data.DataValidations:78 - There are 500 cases and 10 variables.
2022-07-01 15:51:39 INFO  edu.pitt.dbmi.causal.cmd.data.DataFiles:114 - Start reading in file PC-INPUT.txt.
2022-07-01 15:51:40 INFO  edu.pitt.dbmi.causal.cmd.data.DataFiles:114 - Finished reading in file PC-INPUT.txt.
2022-07-01 15:51:40 INFO  edu.pitt.dbmi.causal.cmd.data.DataFiles:114 - File PC-INPUT.txt contains 500 cases, 10 variables.
2022-07-01 15:51:40 INFO  org.reflections.Reflections:219 - Reflections took 165 ms to scan 1 urls, producing 15 keys and 294 values
2022-07-01 15:51:41 INFO  org.reflections.Reflections:219 - Reflections took 28 ms to scan 1 urls, producing 8 keys and 45 values
2022-07-01 15:51:41 INFO  org.reflections.Reflections:219 - Reflections took 21 ms to scan 1 urls, producing 8 keys and 40 values
2022-07-01 15:51:41 INFO  edu.pitt.dbmi.causal.cmd.data.DataValidations:114 - Start data validation on file PC-INPUT.txt.
2022-07-01 15:51:41 INFO  edu.pitt.dbmi.causal.cmd.data.DataValidations:114 - End data validation on file PC-INPUT.txt.
2022-07-01 15:51:41 INFO  edu.pitt.dbmi.causal.cmd.data.DataValidations:78 - There are 500 cases and 10 variables.
2022-07-01 15:51:41 INFO  edu.pitt.dbmi.causal.cmd.data.DataFiles:114 - Start reading in file PC-INPUT.txt.
2022-07-01 15:51:41 INFO  edu.pitt.dbmi.causal.cmd.data.DataFiles:114 - Finished reading in file PC-INPUT.txt.
2022-07-01 15:51:41 INFO  edu.pitt.dbmi.causal.cmd.data.DataFiles:114 - File PC-INPUT.txt contains 500 cases, 10 variables.
2022-07-01 15:51:42 INFO  org.reflections.Reflections:219 - Reflections took 172 ms to scan 1 urls, producing 15 keys and 294 values
2022-07-01 15:51:43 INFO  org.reflections.Reflections:219 - Reflections took 28 ms to scan 1 urls, producing 8 keys and 45 values
2022-07-01 15:51:43 INFO  org.reflections.Reflections:219 - Reflections took 21 ms to scan 1 urls, producing 8 keys and 40 values
2022-07-01 15:51:43 INFO  edu.pitt.dbmi.causal.cmd.data.DataValidations:114 - Start data validation on file PC-INPUT.txt.
2022-07-01 15:51:43 INFO  edu.pitt.dbmi.causal.cmd.data.DataValidations:114 - End data validation on file PC-INPUT.txt.
2022-07-01 15:51:43 INFO  edu.pitt.dbmi.causal.cmd.data.DataValidations:78 - There are 500 cases and 10 variables.
2022-07-01 15:51:43 INFO  edu.pitt.dbmi.causal.cmd.data.DataFiles:114 - Start reading in file PC-INPUT.txt.
2022-07-01 15:51:43 INFO  edu.pitt.dbmi.causal.cmd.data.DataFiles:114 - Finished reading in file PC-INPUT.txt.
2022-07-01 15:51:43 INFO  edu.pitt.dbmi.causal.cmd.data.DataFiles:114 - File PC-INPUT.txt contains 500 cases, 10 variables.
2022-07-01 15:51:44 INFO  org.reflections.Reflections:219 - Reflections took 179 ms to scan 1 urls, producing 15 keys and 294 values
2022-07-01 15:51:45 INFO  org.reflections.Reflections:219 - Reflections took 26 ms to scan 1 urls, producing 8 keys and 45 values
2022-07-01 15:51:45 INFO  org.reflections.Reflections:219 - Reflections took 14 ms to scan 1 urls, producing 8 keys and 40 values
2022-07-01 15:51:45 INFO  edu.pitt.dbmi.causal.cmd.data.DataValidations:114 - Start data validation on file PC-INPUT.txt.
2022-07-01 15:51:45 INFO  edu.pitt.dbmi.causal.cmd.data.DataValidations:114 - End data validation on file PC-INPUT.txt.
2022-07-01 15:51:45 INFO  edu.pitt.dbmi.causal.cmd.data.DataValidations:78 - There are 500 cases and 10 variables.
2022-07-01 15:51:45 INFO  edu.pitt.dbmi.causal.cmd.data.DataFiles:114 - Start reading in file PC-INPUT.txt.
2022-07-01 15:51:45 INFO  edu.pitt.dbmi.causal.cmd.data.DataFiles:114 - Finished reading in file PC-INPUT.txt.
2022-07-01 15:51:45 INFO  edu.pitt.dbmi.causal.cmd.data.DataFiles:114 - File PC-INPUT.txt contains 500 cases, 10 variables.
2022-07-01 15:51:46 INFO  org.reflections.Reflections:219 - Reflections took 184 ms to scan 1 urls, producing 15 keys and 294 values
2022-07-01 15:51:47 INFO  org.reflections.Reflections:219 - Reflections took 29 ms to scan 1 urls, producing 8 keys and 45 values
2022-07-01 15:51:47 INFO  org.reflections.Reflections:219 - Reflections took 23 ms to scan 1 urls, producing 8 keys and 40 values
2022-07-01 15:51:47 INFO  edu.pitt.dbmi.causal.cmd.data.DataValidations:114 - Start data validation on file PC-INPUT.txt.
2022-07-01 15:51:47 INFO  edu.pitt.dbmi.causal.cmd.data.DataValidations:114 - End data validation on file PC-INPUT.txt.
2022-07-01 15:51:47 INFO  edu.pitt.dbmi.causal.cmd.data.DataValidations:78 - There are 500 cases and 10 variables.
2022-07-01 15:51:47 INFO  edu.pitt.dbmi.causal.cmd.data.DataFiles:114 - Start reading in file PC-INPUT.txt.
2022-07-01 15:51:47 INFO  edu.pitt.dbmi.causal.cmd.data.DataFiles:114 - Finished reading in file PC-INPUT.txt.
2022-07-01 15:51:47 INFO  edu.pitt.dbmi.causal.cmd.data.DataFiles:114 - File PC-INPUT.txt contains 500 cases, 10 variables.
2022-07-01 15:51:48 INFO  org.reflections.Reflections:219 - Reflections took 171 ms to scan 1 urls, producing 15 keys and 294 values
2022-07-01 15:51:48 INFO  org.reflections.Reflections:219 - Reflections took 27 ms to scan 1 urls, producing 8 keys and 45 values
2022-07-01 15:51:48 INFO  org.reflections.Reflections:219 - Reflections took 19 ms to scan 1 urls, producing 8 keys and 40 values
2022-07-01 15:51:49 INFO  edu.pitt.dbmi.causal.cmd.data.DataValidations:114 - Start data validation on file PC-INPUT.txt.
2022-07-01 15:51:49 INFO  edu.pitt.dbmi.causal.cmd.data.DataValidations:114 - End data validation on file PC-INPUT.txt.
2022-07-01 15:51:49 INFO  edu.pitt.dbmi.causal.cmd.data.DataValidations:78 - There are 500 cases and 10 variables.
2022-07-01 15:51:49 INFO  edu.pitt.dbmi.causal.cmd.data.DataFiles:114 - Start reading in file PC-INPUT.txt.
2022-07-01 15:51:49 INFO  edu.pitt.dbmi.causal.cmd.data.DataFiles:114 - Finished reading in file PC-INPUT.txt.
2022-07-01 15:51:49 INFO  edu.pitt.dbmi.causal.cmd.data.DataFiles:114 - File PC-INPUT.txt contains 500 cases, 10 variables.
